[debug] [2022-08-02T08:43:12.973Z] ----------------------------------------------------------------------
[debug] [2022-08-02T08:43:12.974Z] Command:       C:\Program Files\nodejs\node.exe C:\Users\Prajwal\AppData\Roaming\npm\node_modules\firebase-tools\lib\bin\firebase.js init
[debug] [2022-08-02T08:43:12.974Z] CLI Version:   11.3.0
[debug] [2022-08-02T08:43:12.975Z] Platform:      win32
[debug] [2022-08-02T08:43:12.975Z] Node Version:  v18.6.0
[debug] [2022-08-02T08:43:12.975Z] Time:          Tue Aug 02 2022 14:13:12 GMT+0530 (India Standard Time)
[debug] [2022-08-02T08:43:12.976Z] ----------------------------------------------------------------------
[debug] 
[debug] [2022-08-02T08:43:13.056Z] > command requires scopes: ["email","openid","https://www.googleapis.com/auth/cloudplatformprojects.readonly","https://www.googleapis.com/auth/firebase","https://www.googleapis.com/auth/cloud-platform"]
[debug] [2022-08-02T08:43:13.056Z] > authorizing via signed-in user (itsonmenu@gmail.com)
[info] 
     ######## #### ########  ######## ########     ###     ######  ########
     ##        ##  ##     ## ##       ##     ##  ##   ##  ##       ##
     ######    ##  ########  ######   ########  #########  ######  ######
     ##        ##  ##    ##  ##       ##     ## ##     ##       ## ##
     ##       #### ##     ## ######## ########  ##     ##  ######  ########

You're about to initialize a Firebase project in this directory:

  D:\MUIRAC\onMenu\onMenu

Before we get started, keep in mind:

  * You are initializing within an existing Firebase project directory

